1685562002191:test
1685562094819:rename
1685562098423:run
1685650405957:rename --file a b
1685650922708:dasdas
1685651040966:rename --file a b
1685670130184:rename
1685675773898:stacktrace
1685677051587:rename
1685681187598:stacktrace
1685681248102:rename
1685681551893:rename a b
1685681611783:rename
1685780869815:rename a a
1685780873454:rename a b
1685780874928:rename a
1685780876908:rename a b c d
1685780900149:rename --file a b
1685783411631:git log -1
1685783414008:git log
1685786643628:rename --file a b
1685862943914:rename --file mock fuck
1685862998652:rename --file mock fock
1685864387886:rename --msg mock fock
1685865156417:rename --msg fock mock
